<?xml version="1.0" encoding="UTF-8"?>
<!-- Generated by org.testng.reporters.JUnitReportReporter -->
<testsuite hostname="LAPTOP-8J44M89T" failures="0" tests="1" name="com.mystore.testcases.OrderPageTest" time="29.626" errors="0" timestamp="2022-09-07T17:56:37 IST" skipped="0">
  <testcase classname="com.mystore.testcases.OrderPageTest" name="verifyTotalPrice" time="29.626"/>
  <system-out/>
</testsuite> <!-- com.mystore.testcases.OrderPageTest -->
