<?xml version="1.0" encoding="UTF-8"?>
<!-- Generated by org.testng.reporters.JUnitReportReporter -->
<testsuite hostname="LAPTOP-8J44M89T" failures="0" tests="1" name="com.mystore.testcases.SearchResultPageTest" time="15.037" errors="0" timestamp="2022-09-07T17:56:37 IST" skipped="0">
  <testcase classname="com.mystore.testcases.SearchResultPageTest" name="productAvailabilityTest" time="15.037"/>
  <system-out/>
</testsuite> <!-- com.mystore.testcases.SearchResultPageTest -->
